<?xml version="1.0" encoding="UTF-8"?>
<testsuite name="com.example.dbids.it.IT01_QueryLoggingIT" tests="1" skipped="0" failures="0" errors="0" timestamp="2025-10-29T09:18:16.351Z" hostname="Ko-MacBookAir.local" time="0.122">
  <properties/>
  <testcase name="IT-01: SELECT 수신 → QueryLog 저장, /api/logs에서 조회 가능(문서 수준)" classname="com.example.dbids.it.IT01_QueryLoggingIT" time="0.122"/>
  <system-out><![CDATA[18:18:13.438 [Test worker] INFO org.springframework.test.context.support.AnnotationConfigContextLoaderUtils -- Could not detect default configuration classes for test class [com.example.dbids.it.IT01_QueryLoggingIT]: IT01_QueryLoggingIT does not declare any static, non-private, non-final, nested classes annotated with @Configuration.
18:18:13.485 [Test worker] INFO org.springframework.boot.test.context.SpringBootTestContextBootstrapper -- Found @SpringBootConfiguration com.example.dbids.DbidsApplication for test class com.example.dbids.it.IT01_QueryLoggingIT

  .   ____          _            __ _ _
 /\\ / ___'_ __ _ _(_)_ __  __ _ \ \ \ \
( ( )\___ | '_ | '_| | '_ \/ _` | \ \ \ \
 \\/  ___)| |_)| | | | | || (_| |  ) ) ) )
  '  |____| .__|_| |_|_| |_\__, | / / / /
 =========|_|==============|___/=/_/_/_/

 :: Spring Boot ::                (v3.3.2)

2025-10-29T18:18:13.641+09:00  INFO 78661 --- [    Test worker] c.example.dbids.it.IT01_QueryLoggingIT   : Starting IT01_QueryLoggingIT using Java 21.0.8 with PID 78661 (started by ko in /Users/ko/Desktop/me/university/Graduation-Project/backend)
2025-10-29T18:18:13.642+09:00  INFO 78661 --- [    Test worker] c.example.dbids.it.IT01_QueryLoggingIT   : The following 1 profile is active: "local"
2025-10-29T18:18:13.856+09:00  INFO 78661 --- [    Test worker] .s.d.r.c.RepositoryConfigurationDelegate : Bootstrapping Spring Data JPA repositories in DEFAULT mode.
2025-10-29T18:18:13.872+09:00  INFO 78661 --- [    Test worker] .s.d.r.c.RepositoryConfigurationDelegate : Finished Spring Data repository scanning in 13 ms. Found 4 JPA repository interfaces.
2025-10-29T18:18:14.597+09:00  INFO 78661 --- [    Test worker] com.zaxxer.hikari.HikariDataSource       : HikariPool-1 - Starting...
2025-10-29T18:18:15.172+09:00  INFO 78661 --- [    Test worker] com.zaxxer.hikari.pool.HikariPool        : HikariPool-1 - Added connection org.sqlite.jdbc4.JDBC4Connection@62054faf
2025-10-29T18:18:15.174+09:00  INFO 78661 --- [    Test worker] com.zaxxer.hikari.HikariDataSource       : HikariPool-1 - Start completed.
2025-10-29T18:18:15.211+09:00  INFO 78661 --- [    Test worker] o.hibernate.jpa.internal.util.LogHelper  : HHH000204: Processing PersistenceUnitInfo [name: sqliteUnit]
2025-10-29T18:18:15.235+09:00  INFO 78661 --- [    Test worker] org.hibernate.Version                    : HHH000412: Hibernate ORM core version 6.5.2.Final
2025-10-29T18:18:15.248+09:00  INFO 78661 --- [    Test worker] o.h.c.internal.RegionFactoryInitiator    : HHH000026: Second-level cache disabled
2025-10-29T18:18:15.319+09:00  INFO 78661 --- [    Test worker] o.s.o.j.p.SpringPersistenceUnitInfo      : No LoadTimeWeaver setup: ignoring JPA class transformer
2025-10-29T18:18:15.618+09:00  INFO 78661 --- [    Test worker] o.h.e.t.j.p.i.JtaPlatformInitiator       : HHH000489: No JTA platform available (set 'hibernate.transaction.jta.platform' to enable JTA platform integration)
2025-10-29T18:18:15.620+09:00  INFO 78661 --- [    Test worker] j.LocalContainerEntityManagerFactoryBean : Initialized JPA EntityManagerFactory for persistence unit 'sqliteUnit'
2025-10-29T18:18:15.768+09:00  INFO 78661 --- [    Test worker] o.s.d.j.r.query.QueryEnhancerFactory     : Hibernate is in classpath; If applicable, HQL parser will be used.
2025-10-29T18:18:15.999+09:00  WARN 78661 --- [    Test worker] JpaBaseConfiguration$JpaWebConfiguration : spring.jpa.open-in-view is enabled by default. Therefore, database queries may be performed during view rendering. Explicitly configure spring.jpa.open-in-view to disable this warning
2025-10-29T18:18:16.013+09:00  WARN 78661 --- [    Test worker] .s.s.UserDetailsServiceAutoConfiguration : 

Using generated security password: b229d81f-b09f-4f90-9279-3dc7b7f28061

This generated password is for development use only. Your security configuration must be updated before running your application in production.

2025-10-29T18:18:16.024+09:00  INFO 78661 --- [    Test worker] r$InitializeUserDetailsManagerConfigurer : Global AuthenticationManager configured with UserDetailsService bean with name inMemoryUserDetailsManager
2025-10-29T18:18:16.278+09:00  INFO 78661 --- [    Test worker] o.s.b.t.m.w.SpringBootMockServletContext : Initializing Spring TestDispatcherServlet ''
2025-10-29T18:18:16.278+09:00  INFO 78661 --- [    Test worker] o.s.t.web.servlet.TestDispatcherServlet  : Initializing Servlet ''
2025-10-29T18:18:16.279+09:00  INFO 78661 --- [    Test worker] o.s.t.web.servlet.TestDispatcherServlet  : Completed initialization in 1 ms
2025-10-29T18:18:16.291+09:00  INFO 78661 --- [    Test worker] c.example.dbids.it.IT01_QueryLoggingIT   : Started IT01_QueryLoggingIT in 2.757 seconds (process running for 3.21)
2025-10-29T18:18:16.462+09:00  WARN 78661 --- [    Test worker] PageModule$PlainPageSerializationWarning : Serializing PageImpl instances as-is is not supported, meaning that there is no guarantee about the stability of the resulting JSON structure!
	For a stable JSON structure, please use Spring Data's PagedModel (globally via @EnableSpringDataWebSupport(pageSerializationMode = VIA_DTO))
	or Spring HATEOAS and Spring Data's PagedResourcesAssembler as documented in https://docs.spring.io/spring-data/commons/reference/repositories/core-extensions.html#core.web.pageables.

]]></system-out>
  <system-err><![CDATA[WARNING: A Java agent has been loaded dynamically (/Users/ko/.gradle/caches/modules-2/files-2.1/net.bytebuddy/byte-buddy-agent/1.14.18/417558ea01fe9f0e8a94af28b9469d281c4e3984/byte-buddy-agent-1.14.18.jar)
WARNING: If a serviceability tool is in use, please run with -XX:+EnableDynamicAgentLoading to hide this warning
WARNING: If a serviceability tool is not in use, please run with -Djdk.instrument.traceUsage for more information
WARNING: Dynamic loading of agents will be disallowed by default in a future release
]]></system-err>
</testsuite>
